<?xml version="1.0" encoding="UTF-8"?>
<testsuite xmlns:xsi="http://www.w3.org/2001/XMLSchema-instance" xsi:noNamespaceSchemaLocation="https://maven.apache.org/surefire/maven-surefire-plugin/xsd/surefire-test-report.xsd" name="com.bobo.MainTest" time="3.829" tests="3" errors="0" skipped="0" failures="0">
  <properties>
    <property name="gopherProxySet" value="false"/>
    <property name="awt.toolkit" value="sun.lwawt.macosx.LWCToolkit"/>
    <property name="file.encoding.pkg" value="sun.io"/>
    <property name="java.specification.version" value="1.8"/>
    <property name="sun.cpu.isalist" value=""/>
    <property name="sun.jnu.encoding" value="UTF-8"/>
    <property name="java.class.path" value="/Users/yanbo/project/backend/meeting_record/target/test-classes:/Users/yanbo/project/backend/meeting_record/target/classes:/Users/yanbo/enviroment/apache-maven-3.6.3/repo/org/springframework/boot/spring-boot-starter-web/2.2.6.RELEASE/spring-boot-starter-web-2.2.6.RELEASE.jar:/Users/yanbo/enviroment/apache-maven-3.6.3/repo/org/springframework/boot/spring-boot-starter/2.2.6.RELEASE/spring-boot-starter-2.2.6.RELEASE.jar:/Users/yanbo/enviroment/apache-maven-3.6.3/repo/org/springframework/boot/spring-boot/2.2.6.RELEASE/spring-boot-2.2.6.RELEASE.jar:/Users/yanbo/enviroment/apache-maven-3.6.3/repo/org/springframework/boot/spring-boot-starter-logging/2.2.6.RELEASE/spring-boot-starter-logging-2.2.6.RELEASE.jar:/Users/yanbo/enviroment/apache-maven-3.6.3/repo/ch/qos/logback/logback-classic/1.2.3/logback-classic-1.2.3.jar:/Users/yanbo/enviroment/apache-maven-3.6.3/repo/ch/qos/logback/logback-core/1.2.3/logback-core-1.2.3.jar:/Users/yanbo/enviroment/apache-maven-3.6.3/repo/org/apache/logging/log4j/log4j-to-slf4j/2.12.1/log4j-to-slf4j-2.12.1.jar:/Users/yanbo/enviroment/apache-maven-3.6.3/repo/org/apache/logging/log4j/log4j-api/2.12.1/log4j-api-2.12.1.jar:/Users/yanbo/enviroment/apache-maven-3.6.3/repo/org/slf4j/jul-to-slf4j/1.7.30/jul-to-slf4j-1.7.30.jar:/Users/yanbo/enviroment/apache-maven-3.6.3/repo/jakarta/annotation/jakarta.annotation-api/1.3.5/jakarta.annotation-api-1.3.5.jar:/Users/yanbo/enviroment/apache-maven-3.6.3/repo/org/yaml/snakeyaml/1.25/snakeyaml-1.25.jar:/Users/yanbo/enviroment/apache-maven-3.6.3/repo/org/springframework/boot/spring-boot-starter-json/2.2.6.RELEASE/spring-boot-starter-json-2.2.6.RELEASE.jar:/Users/yanbo/enviroment/apache-maven-3.6.3/repo/com/fasterxml/jackson/datatype/jackson-datatype-jdk8/2.10.3/jackson-datatype-jdk8-2.10.3.jar:/Users/yanbo/enviroment/apache-maven-3.6.3/repo/com/fasterxml/jackson/datatype/jackson-datatype-jsr310/2.10.3/jackson-datatype-jsr310-2.10.3.jar:/Users/yanbo/enviroment/apache-maven-3.6.3/repo/com/fasterxml/jackson/module/jackson-module-parameter-names/2.10.3/jackson-module-parameter-names-2.10.3.jar:/Users/yanbo/enviroment/apache-maven-3.6.3/repo/org/springframework/boot/spring-boot-starter-tomcat/2.2.6.RELEASE/spring-boot-starter-tomcat-2.2.6.RELEASE.jar:/Users/yanbo/enviroment/apache-maven-3.6.3/repo/org/apache/tomcat/embed/tomcat-embed-core/9.0.33/tomcat-embed-core-9.0.33.jar:/Users/yanbo/enviroment/apache-maven-3.6.3/repo/org/apache/tomcat/embed/tomcat-embed-el/9.0.33/tomcat-embed-el-9.0.33.jar:/Users/yanbo/enviroment/apache-maven-3.6.3/repo/org/apache/tomcat/embed/tomcat-embed-websocket/9.0.33/tomcat-embed-websocket-9.0.33.jar:/Users/yanbo/enviroment/apache-maven-3.6.3/repo/org/springframework/boot/spring-boot-starter-validation/2.2.6.RELEASE/spring-boot-starter-validation-2.2.6.RELEASE.jar:/Users/yanbo/enviroment/apache-maven-3.6.3/repo/jakarta/validation/jakarta.validation-api/2.0.2/jakarta.validation-api-2.0.2.jar:/Users/yanbo/enviroment/apache-maven-3.6.3/repo/org/hibernate/validator/hibernate-validator/6.0.18.Final/hibernate-validator-6.0.18.Final.jar:/Users/yanbo/enviroment/apache-maven-3.6.3/repo/org/jboss/logging/jboss-logging/3.4.1.Final/jboss-logging-3.4.1.Final.jar:/Users/yanbo/enviroment/apache-maven-3.6.3/repo/org/springframework/spring-web/5.2.5.RELEASE/spring-web-5.2.5.RELEASE.jar:/Users/yanbo/enviroment/apache-maven-3.6.3/repo/org/springframework/spring-beans/5.2.5.RELEASE/spring-beans-5.2.5.RELEASE.jar:/Users/yanbo/enviroment/apache-maven-3.6.3/repo/org/springframework/spring-webmvc/5.2.5.RELEASE/spring-webmvc-5.2.5.RELEASE.jar:/Users/yanbo/enviroment/apache-maven-3.6.3/repo/org/springframework/spring-context/5.2.5.RELEASE/spring-context-5.2.5.RELEASE.jar:/Users/yanbo/enviroment/apache-maven-3.6.3/repo/org/springframework/spring-expression/5.2.5.RELEASE/spring-expression-5.2.5.RELEASE.jar:/Users/yanbo/enviroment/apache-maven-3.6.3/repo/cn/hutool/hutool-all/5.4.1/hutool-all-5.4.1.jar:/Users/yanbo/enviroment/apache-maven-3.6.3/repo/org/springframework/boot/spring-boot-starter-test/2.2.6.RELEASE/spring-boot-starter-test-2.2.6.RELEASE.jar:/Users/yanbo/enviroment/apache-maven-3.6.3/repo/org/springframework/boot/spring-boot-test/2.2.6.RELEASE/spring-boot-test-2.2.6.RELEASE.jar:/Users/yanbo/enviroment/apache-maven-3.6.3/repo/org/springframework/boot/spring-boot-test-autoconfigure/2.2.6.RELEASE/spring-boot-test-autoconfigure-2.2.6.RELEASE.jar:/Users/yanbo/enviroment/apache-maven-3.6.3/repo/com/jayway/jsonpath/json-path/2.4.0/json-path-2.4.0.jar:/Users/yanbo/enviroment/apache-maven-3.6.3/repo/net/minidev/json-smart/2.3/json-smart-2.3.jar:/Users/yanbo/enviroment/apache-maven-3.6.3/repo/net/minidev/accessors-smart/1.2/accessors-smart-1.2.jar:/Users/yanbo/enviroment/apache-maven-3.6.3/repo/org/ow2/asm/asm/5.0.4/asm-5.0.4.jar:/Users/yanbo/enviroment/apache-maven-3.6.3/repo/jakarta/xml/bind/jakarta.xml.bind-api/2.3.3/jakarta.xml.bind-api-2.3.3.jar:/Users/yanbo/enviroment/apache-maven-3.6.3/repo/jakarta/activation/jakarta.activation-api/1.2.2/jakarta.activation-api-1.2.2.jar:/Users/yanbo/enviroment/apache-maven-3.6.3/repo/org/junit/jupiter/junit-jupiter/5.5.2/junit-jupiter-5.5.2.jar:/Users/yanbo/enviroment/apache-maven-3.6.3/repo/org/junit/jupiter/junit-jupiter-api/5.5.2/junit-jupiter-api-5.5.2.jar:/Users/yanbo/enviroment/apache-maven-3.6.3/repo/org/opentest4j/opentest4j/1.2.0/opentest4j-1.2.0.jar:/Users/yanbo/enviroment/apache-maven-3.6.3/repo/org/junit/platform/junit-platform-commons/1.5.2/junit-platform-commons-1.5.2.jar:/Users/yanbo/enviroment/apache-maven-3.6.3/repo/org/junit/jupiter/junit-jupiter-params/5.5.2/junit-jupiter-params-5.5.2.jar:/Users/yanbo/enviroment/apache-maven-3.6.3/repo/org/junit/jupiter/junit-jupiter-engine/5.5.2/junit-jupiter-engine-5.5.2.jar:/Users/yanbo/enviroment/apache-maven-3.6.3/repo/org/junit/vintage/junit-vintage-engine/5.5.2/junit-vintage-engine-5.5.2.jar:/Users/yanbo/enviroment/apache-maven-3.6.3/repo/org/apiguardian/apiguardian-api/1.1.0/apiguardian-api-1.1.0.jar:/Users/yanbo/enviroment/apache-maven-3.6.3/repo/org/junit/platform/junit-platform-engine/1.5.2/junit-platform-engine-1.5.2.jar:/Users/yanbo/enviroment/apache-maven-3.6.3/repo/junit/junit/4.12/junit-4.12.jar:/Users/yanbo/enviroment/apache-maven-3.6.3/repo/org/mockito/mockito-junit-jupiter/3.1.0/mockito-junit-jupiter-3.1.0.jar:/Users/yanbo/enviroment/apache-maven-3.6.3/repo/org/assertj/assertj-core/3.13.2/assertj-core-3.13.2.jar:/Users/yanbo/enviroment/apache-maven-3.6.3/repo/org/hamcrest/hamcrest/2.1/hamcrest-2.1.jar:/Users/yanbo/enviroment/apache-maven-3.6.3/repo/org/mockito/mockito-core/3.1.0/mockito-core-3.1.0.jar:/Users/yanbo/enviroment/apache-maven-3.6.3/repo/net/bytebuddy/byte-buddy/1.10.8/byte-buddy-1.10.8.jar:/Users/yanbo/enviroment/apache-maven-3.6.3/repo/net/bytebuddy/byte-buddy-agent/1.10.8/byte-buddy-agent-1.10.8.jar:/Users/yanbo/enviroment/apache-maven-3.6.3/repo/org/objenesis/objenesis/2.6/objenesis-2.6.jar:/Users/yanbo/enviroment/apache-maven-3.6.3/repo/org/skyscreamer/jsonassert/1.5.0/jsonassert-1.5.0.jar:/Users/yanbo/enviroment/apache-maven-3.6.3/repo/com/vaadin/external/google/android-json/0.0.20131108.vaadin1/android-json-0.0.20131108.vaadin1.jar:/Users/yanbo/enviroment/apache-maven-3.6.3/repo/org/springframework/spring-core/5.2.5.RELEASE/spring-core-5.2.5.RELEASE.jar:/Users/yanbo/enviroment/apache-maven-3.6.3/repo/org/springframework/spring-jcl/5.2.5.RELEASE/spring-jcl-5.2.5.RELEASE.jar:/Users/yanbo/enviroment/apache-maven-3.6.3/repo/org/springframework/spring-test/5.2.5.RELEASE/spring-test-5.2.5.RELEASE.jar:/Users/yanbo/enviroment/apache-maven-3.6.3/repo/org/xmlunit/xmlunit-core/2.6.4/xmlunit-core-2.6.4.jar:/Users/yanbo/enviroment/apache-maven-3.6.3/repo/org/projectlombok/lombok/1.18.10/lombok-1.18.10.jar:/Users/yanbo/enviroment/apache-maven-3.6.3/repo/com/baomidou/mybatis-plus-boot-starter/3.3.1.tmp/mybatis-plus-boot-starter-3.3.1.tmp.jar:/Users/yanbo/enviroment/apache-maven-3.6.3/repo/com/baomidou/mybatis-plus/3.3.1.tmp/mybatis-plus-3.3.1.tmp.jar:/Users/yanbo/enviroment/apache-maven-3.6.3/repo/org/springframework/boot/spring-boot-autoconfigure/2.2.6.RELEASE/spring-boot-autoconfigure-2.2.6.RELEASE.jar:/Users/yanbo/enviroment/apache-maven-3.6.3/repo/org/springframework/boot/spring-boot-starter-jdbc/2.2.6.RELEASE/spring-boot-starter-jdbc-2.2.6.RELEASE.jar:/Users/yanbo/enviroment/apache-maven-3.6.3/repo/com/zaxxer/HikariCP/3.4.2/HikariCP-3.4.2.jar:/Users/yanbo/enviroment/apache-maven-3.6.3/repo/org/springframework/spring-jdbc/5.2.5.RELEASE/spring-jdbc-5.2.5.RELEASE.jar:/Users/yanbo/enviroment/apache-maven-3.6.3/repo/org/springframework/spring-tx/5.2.5.RELEASE/spring-tx-5.2.5.RELEASE.jar:/Users/yanbo/enviroment/apache-maven-3.6.3/repo/mysql/mysql-connector-java/8.0.19/mysql-connector-java-8.0.19.jar:/Users/yanbo/enviroment/apache-maven-3.6.3/repo/com/baomidou/mybatis-plus-generator/3.3.1.tmp/mybatis-plus-generator-3.3.1.tmp.jar:/Users/yanbo/enviroment/apache-maven-3.6.3/repo/com/baomidou/mybatis-plus-extension/3.3.1.tmp/mybatis-plus-extension-3.3.1.tmp.jar:/Users/yanbo/enviroment/apache-maven-3.6.3/repo/com/baomidou/mybatis-plus-core/3.3.1.tmp/mybatis-plus-core-3.3.1.tmp.jar:/Users/yanbo/enviroment/apache-maven-3.6.3/repo/com/baomidou/mybatis-plus-annotation/3.3.1.tmp/mybatis-plus-annotation-3.3.1.tmp.jar:/Users/yanbo/enviroment/apache-maven-3.6.3/repo/com/github/jsqlparser/jsqlparser/3.1/jsqlparser-3.1.jar:/Users/yanbo/enviroment/apache-maven-3.6.3/repo/org/mybatis/mybatis/3.5.3/mybatis-3.5.3.jar:/Users/yanbo/enviroment/apache-maven-3.6.3/repo/org/mybatis/mybatis-spring/2.0.3/mybatis-spring-2.0.3.jar:/Users/yanbo/enviroment/apache-maven-3.6.3/repo/org/apache/velocity/velocity-engine-core/2.2/velocity-engine-core-2.2.jar:/Users/yanbo/enviroment/apache-maven-3.6.3/repo/org/apache/commons/commons-lang3/3.9/commons-lang3-3.9.jar:/Users/yanbo/enviroment/apache-maven-3.6.3/repo/org/slf4j/slf4j-api/1.7.30/slf4j-api-1.7.30.jar:/Users/yanbo/enviroment/apache-maven-3.6.3/repo/io/springfox/springfox-swagger2/2.9.2/springfox-swagger2-2.9.2.jar:/Users/yanbo/enviroment/apache-maven-3.6.3/repo/io/swagger/swagger-annotations/1.5.20/swagger-annotations-1.5.20.jar:/Users/yanbo/enviroment/apache-maven-3.6.3/repo/io/swagger/swagger-models/1.5.20/swagger-models-1.5.20.jar:/Users/yanbo/enviroment/apache-maven-3.6.3/repo/com/fasterxml/jackson/core/jackson-annotations/2.10.3/jackson-annotations-2.10.3.jar:/Users/yanbo/enviroment/apache-maven-3.6.3/repo/io/springfox/springfox-spi/2.9.2/springfox-spi-2.9.2.jar:/Users/yanbo/enviroment/apache-maven-3.6.3/repo/io/springfox/springfox-core/2.9.2/springfox-core-2.9.2.jar:/Users/yanbo/enviroment/apache-maven-3.6.3/repo/io/springfox/springfox-schema/2.9.2/springfox-schema-2.9.2.jar:/Users/yanbo/enviroment/apache-maven-3.6.3/repo/io/springfox/springfox-swagger-common/2.9.2/springfox-swagger-common-2.9.2.jar:/Users/yanbo/enviroment/apache-maven-3.6.3/repo/io/springfox/springfox-spring-web/2.9.2/springfox-spring-web-2.9.2.jar:/Users/yanbo/enviroment/apache-maven-3.6.3/repo/com/google/guava/guava/20.0/guava-20.0.jar:/Users/yanbo/enviroment/apache-maven-3.6.3/repo/com/fasterxml/classmate/1.5.1/classmate-1.5.1.jar:/Users/yanbo/enviroment/apache-maven-3.6.3/repo/org/springframework/plugin/spring-plugin-core/1.2.0.RELEASE/spring-plugin-core-1.2.0.RELEASE.jar:/Users/yanbo/enviroment/apache-maven-3.6.3/repo/org/springframework/plugin/spring-plugin-metadata/1.2.0.RELEASE/spring-plugin-metadata-1.2.0.RELEASE.jar:/Users/yanbo/enviroment/apache-maven-3.6.3/repo/org/mapstruct/mapstruct/1.2.0.Final/mapstruct-1.2.0.Final.jar:/Users/yanbo/enviroment/apache-maven-3.6.3/repo/io/springfox/springfox-swagger-ui/2.9.2/springfox-swagger-ui-2.9.2.jar:/Users/yanbo/enviroment/apache-maven-3.6.3/repo/org/springframework/boot/spring-boot-starter-security/2.2.6.RELEASE/spring-boot-starter-security-2.2.6.RELEASE.jar:/Users/yanbo/enviroment/apache-maven-3.6.3/repo/org/springframework/spring-aop/5.2.5.RELEASE/spring-aop-5.2.5.RELEASE.jar:/Users/yanbo/enviroment/apache-maven-3.6.3/repo/org/springframework/security/spring-security-config/5.2.2.RELEASE/spring-security-config-5.2.2.RELEASE.jar:/Users/yanbo/enviroment/apache-maven-3.6.3/repo/org/springframework/security/spring-security-core/5.2.2.RELEASE/spring-security-core-5.2.2.RELEASE.jar:/Users/yanbo/enviroment/apache-maven-3.6.3/repo/org/springframework/security/spring-security-web/5.2.2.RELEASE/spring-security-web-5.2.2.RELEASE.jar:/Users/yanbo/enviroment/apache-maven-3.6.3/repo/io/jsonwebtoken/jjwt/0.9.0/jjwt-0.9.0.jar:/Users/yanbo/enviroment/apache-maven-3.6.3/repo/com/fasterxml/jackson/core/jackson-databind/2.10.3/jackson-databind-2.10.3.jar:/Users/yanbo/enviroment/apache-maven-3.6.3/repo/com/fasterxml/jackson/core/jackson-core/2.10.3/jackson-core-2.10.3.jar:/Users/yanbo/enviroment/apache-maven-3.6.3/repo/com/aliyun/oss/aliyun-sdk-oss/3.8.0/aliyun-sdk-oss-3.8.0.jar:/Users/yanbo/enviroment/apache-maven-3.6.3/repo/org/apache/httpcomponents/httpclient/4.5.12/httpclient-4.5.12.jar:/Users/yanbo/enviroment/apache-maven-3.6.3/repo/org/apache/httpcomponents/httpcore/4.4.13/httpcore-4.4.13.jar:/Users/yanbo/enviroment/apache-maven-3.6.3/repo/commons-codec/commons-codec/1.13/commons-codec-1.13.jar:/Users/yanbo/enviroment/apache-maven-3.6.3/repo/org/jdom/jdom/1.1/jdom-1.1.jar:/Users/yanbo/enviroment/apache-maven-3.6.3/repo/org/codehaus/jettison/jettison/1.1/jettison-1.1.jar:/Users/yanbo/enviroment/apache-maven-3.6.3/repo/stax/stax-api/1.0.1/stax-api-1.0.1.jar:/Users/yanbo/enviroment/apache-maven-3.6.3/repo/com/aliyun/aliyun-java-sdk-core/3.4.0/aliyun-java-sdk-core-3.4.0.jar:/Users/yanbo/enviroment/apache-maven-3.6.3/repo/com/aliyun/aliyun-java-sdk-ram/3.0.0/aliyun-java-sdk-ram-3.0.0.jar:/Users/yanbo/enviroment/apache-maven-3.6.3/repo/com/aliyun/aliyun-java-sdk-sts/3.0.0/aliyun-java-sdk-sts-3.0.0.jar:/Users/yanbo/enviroment/apache-maven-3.6.3/repo/com/aliyun/aliyun-java-sdk-ecs/4.2.0/aliyun-java-sdk-ecs-4.2.0.jar:"/>
    <property name="java.vm.vendor" value="Azul Systems, Inc."/>
    <property name="sun.arch.data.model" value="64"/>
    <property name="java.vendor.url" value="http://www.azul.com/"/>
    <property name="user.timezone" value=""/>
    <property name="java.vm.specification.version" value="1.8"/>
    <property name="os.name" value="Mac OS X"/>
    <property name="user.country" value="CN"/>
    <property name="sun.java.launcher" value="SUN_STANDARD"/>
    <property name="sun.boot.library.path" value="/Library/Java/JavaVirtualMachines/zulu-8.jdk/Contents/Home/jre/lib"/>
    <property name="sun.java.command" value="/Users/yanbo/project/backend/meeting_record/target/surefire/surefirebooter3257306942722768725.jar /Users/yanbo/project/backend/meeting_record/target/surefire 2022-01-20T20-04-00_829-jvmRun1 surefire2848429724076155619tmp surefire_07191192558043709488tmp"/>
    <property name="http.nonProxyHosts" value="local|*.local|169.254/16|*.169.254/16"/>
    <property name="surefire.test.class.path" value="/Users/yanbo/project/backend/meeting_record/target/test-classes:/Users/yanbo/project/backend/meeting_record/target/classes:/Users/yanbo/enviroment/apache-maven-3.6.3/repo/org/springframework/boot/spring-boot-starter-web/2.2.6.RELEASE/spring-boot-starter-web-2.2.6.RELEASE.jar:/Users/yanbo/enviroment/apache-maven-3.6.3/repo/org/springframework/boot/spring-boot-starter/2.2.6.RELEASE/spring-boot-starter-2.2.6.RELEASE.jar:/Users/yanbo/enviroment/apache-maven-3.6.3/repo/org/springframework/boot/spring-boot/2.2.6.RELEASE/spring-boot-2.2.6.RELEASE.jar:/Users/yanbo/enviroment/apache-maven-3.6.3/repo/org/springframework/boot/spring-boot-starter-logging/2.2.6.RELEASE/spring-boot-starter-logging-2.2.6.RELEASE.jar:/Users/yanbo/enviroment/apache-maven-3.6.3/repo/ch/qos/logback/logback-classic/1.2.3/logback-classic-1.2.3.jar:/Users/yanbo/enviroment/apache-maven-3.6.3/repo/ch/qos/logback/logback-core/1.2.3/logback-core-1.2.3.jar:/Users/yanbo/enviroment/apache-maven-3.6.3/repo/org/apache/logging/log4j/log4j-to-slf4j/2.12.1/log4j-to-slf4j-2.12.1.jar:/Users/yanbo/enviroment/apache-maven-3.6.3/repo/org/apache/logging/log4j/log4j-api/2.12.1/log4j-api-2.12.1.jar:/Users/yanbo/enviroment/apache-maven-3.6.3/repo/org/slf4j/jul-to-slf4j/1.7.30/jul-to-slf4j-1.7.30.jar:/Users/yanbo/enviroment/apache-maven-3.6.3/repo/jakarta/annotation/jakarta.annotation-api/1.3.5/jakarta.annotation-api-1.3.5.jar:/Users/yanbo/enviroment/apache-maven-3.6.3/repo/org/yaml/snakeyaml/1.25/snakeyaml-1.25.jar:/Users/yanbo/enviroment/apache-maven-3.6.3/repo/org/springframework/boot/spring-boot-starter-json/2.2.6.RELEASE/spring-boot-starter-json-2.2.6.RELEASE.jar:/Users/yanbo/enviroment/apache-maven-3.6.3/repo/com/fasterxml/jackson/datatype/jackson-datatype-jdk8/2.10.3/jackson-datatype-jdk8-2.10.3.jar:/Users/yanbo/enviroment/apache-maven-3.6.3/repo/com/fasterxml/jackson/datatype/jackson-datatype-jsr310/2.10.3/jackson-datatype-jsr310-2.10.3.jar:/Users/yanbo/enviroment/apache-maven-3.6.3/repo/com/fasterxml/jackson/module/jackson-module-parameter-names/2.10.3/jackson-module-parameter-names-2.10.3.jar:/Users/yanbo/enviroment/apache-maven-3.6.3/repo/org/springframework/boot/spring-boot-starter-tomcat/2.2.6.RELEASE/spring-boot-starter-tomcat-2.2.6.RELEASE.jar:/Users/yanbo/enviroment/apache-maven-3.6.3/repo/org/apache/tomcat/embed/tomcat-embed-core/9.0.33/tomcat-embed-core-9.0.33.jar:/Users/yanbo/enviroment/apache-maven-3.6.3/repo/org/apache/tomcat/embed/tomcat-embed-el/9.0.33/tomcat-embed-el-9.0.33.jar:/Users/yanbo/enviroment/apache-maven-3.6.3/repo/org/apache/tomcat/embed/tomcat-embed-websocket/9.0.33/tomcat-embed-websocket-9.0.33.jar:/Users/yanbo/enviroment/apache-maven-3.6.3/repo/org/springframework/boot/spring-boot-starter-validation/2.2.6.RELEASE/spring-boot-starter-validation-2.2.6.RELEASE.jar:/Users/yanbo/enviroment/apache-maven-3.6.3/repo/jakarta/validation/jakarta.validation-api/2.0.2/jakarta.validation-api-2.0.2.jar:/Users/yanbo/enviroment/apache-maven-3.6.3/repo/org/hibernate/validator/hibernate-validator/6.0.18.Final/hibernate-validator-6.0.18.Final.jar:/Users/yanbo/enviroment/apache-maven-3.6.3/repo/org/jboss/logging/jboss-logging/3.4.1.Final/jboss-logging-3.4.1.Final.jar:/Users/yanbo/enviroment/apache-maven-3.6.3/repo/org/springframework/spring-web/5.2.5.RELEASE/spring-web-5.2.5.RELEASE.jar:/Users/yanbo/enviroment/apache-maven-3.6.3/repo/org/springframework/spring-beans/5.2.5.RELEASE/spring-beans-5.2.5.RELEASE.jar:/Users/yanbo/enviroment/apache-maven-3.6.3/repo/org/springframework/spring-webmvc/5.2.5.RELEASE/spring-webmvc-5.2.5.RELEASE.jar:/Users/yanbo/enviroment/apache-maven-3.6.3/repo/org/springframework/spring-context/5.2.5.RELEASE/spring-context-5.2.5.RELEASE.jar:/Users/yanbo/enviroment/apache-maven-3.6.3/repo/org/springframework/spring-expression/5.2.5.RELEASE/spring-expression-5.2.5.RELEASE.jar:/Users/yanbo/enviroment/apache-maven-3.6.3/repo/cn/hutool/hutool-all/5.4.1/hutool-all-5.4.1.jar:/Users/yanbo/enviroment/apache-maven-3.6.3/repo/org/springframework/boot/spring-boot-starter-test/2.2.6.RELEASE/spring-boot-starter-test-2.2.6.RELEASE.jar:/Users/yanbo/enviroment/apache-maven-3.6.3/repo/org/springframework/boot/spring-boot-test/2.2.6.RELEASE/spring-boot-test-2.2.6.RELEASE.jar:/Users/yanbo/enviroment/apache-maven-3.6.3/repo/org/springframework/boot/spring-boot-test-autoconfigure/2.2.6.RELEASE/spring-boot-test-autoconfigure-2.2.6.RELEASE.jar:/Users/yanbo/enviroment/apache-maven-3.6.3/repo/com/jayway/jsonpath/json-path/2.4.0/json-path-2.4.0.jar:/Users/yanbo/enviroment/apache-maven-3.6.3/repo/net/minidev/json-smart/2.3/json-smart-2.3.jar:/Users/yanbo/enviroment/apache-maven-3.6.3/repo/net/minidev/accessors-smart/1.2/accessors-smart-1.2.jar:/Users/yanbo/enviroment/apache-maven-3.6.3/repo/org/ow2/asm/asm/5.0.4/asm-5.0.4.jar:/Users/yanbo/enviroment/apache-maven-3.6.3/repo/jakarta/xml/bind/jakarta.xml.bind-api/2.3.3/jakarta.xml.bind-api-2.3.3.jar:/Users/yanbo/enviroment/apache-maven-3.6.3/repo/jakarta/activation/jakarta.activation-api/1.2.2/jakarta.activation-api-1.2.2.jar:/Users/yanbo/enviroment/apache-maven-3.6.3/repo/org/junit/jupiter/junit-jupiter/5.5.2/junit-jupiter-5.5.2.jar:/Users/yanbo/enviroment/apache-maven-3.6.3/repo/org/junit/jupiter/junit-jupiter-api/5.5.2/junit-jupiter-api-5.5.2.jar:/Users/yanbo/enviroment/apache-maven-3.6.3/repo/org/opentest4j/opentest4j/1.2.0/opentest4j-1.2.0.jar:/Users/yanbo/enviroment/apache-maven-3.6.3/repo/org/junit/platform/junit-platform-commons/1.5.2/junit-platform-commons-1.5.2.jar:/Users/yanbo/enviroment/apache-maven-3.6.3/repo/org/junit/jupiter/junit-jupiter-params/5.5.2/junit-jupiter-params-5.5.2.jar:/Users/yanbo/enviroment/apache-maven-3.6.3/repo/org/junit/jupiter/junit-jupiter-engine/5.5.2/junit-jupiter-engine-5.5.2.jar:/Users/yanbo/enviroment/apache-maven-3.6.3/repo/org/junit/vintage/junit-vintage-engine/5.5.2/junit-vintage-engine-5.5.2.jar:/Users/yanbo/enviroment/apache-maven-3.6.3/repo/org/apiguardian/apiguardian-api/1.1.0/apiguardian-api-1.1.0.jar:/Users/yanbo/enviroment/apache-maven-3.6.3/repo/org/junit/platform/junit-platform-engine/1.5.2/junit-platform-engine-1.5.2.jar:/Users/yanbo/enviroment/apache-maven-3.6.3/repo/junit/junit/4.12/junit-4.12.jar:/Users/yanbo/enviroment/apache-maven-3.6.3/repo/org/mockito/mockito-junit-jupiter/3.1.0/mockito-junit-jupiter-3.1.0.jar:/Users/yanbo/enviroment/apache-maven-3.6.3/repo/org/assertj/assertj-core/3.13.2/assertj-core-3.13.2.jar:/Users/yanbo/enviroment/apache-maven-3.6.3/repo/org/hamcrest/hamcrest/2.1/hamcrest-2.1.jar:/Users/yanbo/enviroment/apache-maven-3.6.3/repo/org/mockito/mockito-core/3.1.0/mockito-core-3.1.0.jar:/Users/yanbo/enviroment/apache-maven-3.6.3/repo/net/bytebuddy/byte-buddy/1.10.8/byte-buddy-1.10.8.jar:/Users/yanbo/enviroment/apache-maven-3.6.3/repo/net/bytebuddy/byte-buddy-agent/1.10.8/byte-buddy-agent-1.10.8.jar:/Users/yanbo/enviroment/apache-maven-3.6.3/repo/org/objenesis/objenesis/2.6/objenesis-2.6.jar:/Users/yanbo/enviroment/apache-maven-3.6.3/repo/org/skyscreamer/jsonassert/1.5.0/jsonassert-1.5.0.jar:/Users/yanbo/enviroment/apache-maven-3.6.3/repo/com/vaadin/external/google/android-json/0.0.20131108.vaadin1/android-json-0.0.20131108.vaadin1.jar:/Users/yanbo/enviroment/apache-maven-3.6.3/repo/org/springframework/spring-core/5.2.5.RELEASE/spring-core-5.2.5.RELEASE.jar:/Users/yanbo/enviroment/apache-maven-3.6.3/repo/org/springframework/spring-jcl/5.2.5.RELEASE/spring-jcl-5.2.5.RELEASE.jar:/Users/yanbo/enviroment/apache-maven-3.6.3/repo/org/springframework/spring-test/5.2.5.RELEASE/spring-test-5.2.5.RELEASE.jar:/Users/yanbo/enviroment/apache-maven-3.6.3/repo/org/xmlunit/xmlunit-core/2.6.4/xmlunit-core-2.6.4.jar:/Users/yanbo/enviroment/apache-maven-3.6.3/repo/org/projectlombok/lombok/1.18.10/lombok-1.18.10.jar:/Users/yanbo/enviroment/apache-maven-3.6.3/repo/com/baomidou/mybatis-plus-boot-starter/3.3.1.tmp/mybatis-plus-boot-starter-3.3.1.tmp.jar:/Users/yanbo/enviroment/apache-maven-3.6.3/repo/com/baomidou/mybatis-plus/3.3.1.tmp/mybatis-plus-3.3.1.tmp.jar:/Users/yanbo/enviroment/apache-maven-3.6.3/repo/org/springframework/boot/spring-boot-autoconfigure/2.2.6.RELEASE/spring-boot-autoconfigure-2.2.6.RELEASE.jar:/Users/yanbo/enviroment/apache-maven-3.6.3/repo/org/springframework/boot/spring-boot-starter-jdbc/2.2.6.RELEASE/spring-boot-starter-jdbc-2.2.6.RELEASE.jar:/Users/yanbo/enviroment/apache-maven-3.6.3/repo/com/zaxxer/HikariCP/3.4.2/HikariCP-3.4.2.jar:/Users/yanbo/enviroment/apache-maven-3.6.3/repo/org/springframework/spring-jdbc/5.2.5.RELEASE/spring-jdbc-5.2.5.RELEASE.jar:/Users/yanbo/enviroment/apache-maven-3.6.3/repo/org/springframework/spring-tx/5.2.5.RELEASE/spring-tx-5.2.5.RELEASE.jar:/Users/yanbo/enviroment/apache-maven-3.6.3/repo/mysql/mysql-connector-java/8.0.19/mysql-connector-java-8.0.19.jar:/Users/yanbo/enviroment/apache-maven-3.6.3/repo/com/baomidou/mybatis-plus-generator/3.3.1.tmp/mybatis-plus-generator-3.3.1.tmp.jar:/Users/yanbo/enviroment/apache-maven-3.6.3/repo/com/baomidou/mybatis-plus-extension/3.3.1.tmp/mybatis-plus-extension-3.3.1.tmp.jar:/Users/yanbo/enviroment/apache-maven-3.6.3/repo/com/baomidou/mybatis-plus-core/3.3.1.tmp/mybatis-plus-core-3.3.1.tmp.jar:/Users/yanbo/enviroment/apache-maven-3.6.3/repo/com/baomidou/mybatis-plus-annotation/3.3.1.tmp/mybatis-plus-annotation-3.3.1.tmp.jar:/Users/yanbo/enviroment/apache-maven-3.6.3/repo/com/github/jsqlparser/jsqlparser/3.1/jsqlparser-3.1.jar:/Users/yanbo/enviroment/apache-maven-3.6.3/repo/org/mybatis/mybatis/3.5.3/mybatis-3.5.3.jar:/Users/yanbo/enviroment/apache-maven-3.6.3/repo/org/mybatis/mybatis-spring/2.0.3/mybatis-spring-2.0.3.jar:/Users/yanbo/enviroment/apache-maven-3.6.3/repo/org/apache/velocity/velocity-engine-core/2.2/velocity-engine-core-2.2.jar:/Users/yanbo/enviroment/apache-maven-3.6.3/repo/org/apache/commons/commons-lang3/3.9/commons-lang3-3.9.jar:/Users/yanbo/enviroment/apache-maven-3.6.3/repo/org/slf4j/slf4j-api/1.7.30/slf4j-api-1.7.30.jar:/Users/yanbo/enviroment/apache-maven-3.6.3/repo/io/springfox/springfox-swagger2/2.9.2/springfox-swagger2-2.9.2.jar:/Users/yanbo/enviroment/apache-maven-3.6.3/repo/io/swagger/swagger-annotations/1.5.20/swagger-annotations-1.5.20.jar:/Users/yanbo/enviroment/apache-maven-3.6.3/repo/io/swagger/swagger-models/1.5.20/swagger-models-1.5.20.jar:/Users/yanbo/enviroment/apache-maven-3.6.3/repo/com/fasterxml/jackson/core/jackson-annotations/2.10.3/jackson-annotations-2.10.3.jar:/Users/yanbo/enviroment/apache-maven-3.6.3/repo/io/springfox/springfox-spi/2.9.2/springfox-spi-2.9.2.jar:/Users/yanbo/enviroment/apache-maven-3.6.3/repo/io/springfox/springfox-core/2.9.2/springfox-core-2.9.2.jar:/Users/yanbo/enviroment/apache-maven-3.6.3/repo/io/springfox/springfox-schema/2.9.2/springfox-schema-2.9.2.jar:/Users/yanbo/enviroment/apache-maven-3.6.3/repo/io/springfox/springfox-swagger-common/2.9.2/springfox-swagger-common-2.9.2.jar:/Users/yanbo/enviroment/apache-maven-3.6.3/repo/io/springfox/springfox-spring-web/2.9.2/springfox-spring-web-2.9.2.jar:/Users/yanbo/enviroment/apache-maven-3.6.3/repo/com/google/guava/guava/20.0/guava-20.0.jar:/Users/yanbo/enviroment/apache-maven-3.6.3/repo/com/fasterxml/classmate/1.5.1/classmate-1.5.1.jar:/Users/yanbo/enviroment/apache-maven-3.6.3/repo/org/springframework/plugin/spring-plugin-core/1.2.0.RELEASE/spring-plugin-core-1.2.0.RELEASE.jar:/Users/yanbo/enviroment/apache-maven-3.6.3/repo/org/springframework/plugin/spring-plugin-metadata/1.2.0.RELEASE/spring-plugin-metadata-1.2.0.RELEASE.jar:/Users/yanbo/enviroment/apache-maven-3.6.3/repo/org/mapstruct/mapstruct/1.2.0.Final/mapstruct-1.2.0.Final.jar:/Users/yanbo/enviroment/apache-maven-3.6.3/repo/io/springfox/springfox-swagger-ui/2.9.2/springfox-swagger-ui-2.9.2.jar:/Users/yanbo/enviroment/apache-maven-3.6.3/repo/org/springframework/boot/spring-boot-starter-security/2.2.6.RELEASE/spring-boot-starter-security-2.2.6.RELEASE.jar:/Users/yanbo/enviroment/apache-maven-3.6.3/repo/org/springframework/spring-aop/5.2.5.RELEASE/spring-aop-5.2.5.RELEASE.jar:/Users/yanbo/enviroment/apache-maven-3.6.3/repo/org/springframework/security/spring-security-config/5.2.2.RELEASE/spring-security-config-5.2.2.RELEASE.jar:/Users/yanbo/enviroment/apache-maven-3.6.3/repo/org/springframework/security/spring-security-core/5.2.2.RELEASE/spring-security-core-5.2.2.RELEASE.jar:/Users/yanbo/enviroment/apache-maven-3.6.3/repo/org/springframework/security/spring-security-web/5.2.2.RELEASE/spring-security-web-5.2.2.RELEASE.jar:/Users/yanbo/enviroment/apache-maven-3.6.3/repo/io/jsonwebtoken/jjwt/0.9.0/jjwt-0.9.0.jar:/Users/yanbo/enviroment/apache-maven-3.6.3/repo/com/fasterxml/jackson/core/jackson-databind/2.10.3/jackson-databind-2.10.3.jar:/Users/yanbo/enviroment/apache-maven-3.6.3/repo/com/fasterxml/jackson/core/jackson-core/2.10.3/jackson-core-2.10.3.jar:/Users/yanbo/enviroment/apache-maven-3.6.3/repo/com/aliyun/oss/aliyun-sdk-oss/3.8.0/aliyun-sdk-oss-3.8.0.jar:/Users/yanbo/enviroment/apache-maven-3.6.3/repo/org/apache/httpcomponents/httpclient/4.5.12/httpclient-4.5.12.jar:/Users/yanbo/enviroment/apache-maven-3.6.3/repo/org/apache/httpcomponents/httpcore/4.4.13/httpcore-4.4.13.jar:/Users/yanbo/enviroment/apache-maven-3.6.3/repo/commons-codec/commons-codec/1.13/commons-codec-1.13.jar:/Users/yanbo/enviroment/apache-maven-3.6.3/repo/org/jdom/jdom/1.1/jdom-1.1.jar:/Users/yanbo/enviroment/apache-maven-3.6.3/repo/org/codehaus/jettison/jettison/1.1/jettison-1.1.jar:/Users/yanbo/enviroment/apache-maven-3.6.3/repo/stax/stax-api/1.0.1/stax-api-1.0.1.jar:/Users/yanbo/enviroment/apache-maven-3.6.3/repo/com/aliyun/aliyun-java-sdk-core/3.4.0/aliyun-java-sdk-core-3.4.0.jar:/Users/yanbo/enviroment/apache-maven-3.6.3/repo/com/aliyun/aliyun-java-sdk-ram/3.0.0/aliyun-java-sdk-ram-3.0.0.jar:/Users/yanbo/enviroment/apache-maven-3.6.3/repo/com/aliyun/aliyun-java-sdk-sts/3.0.0/aliyun-java-sdk-sts-3.0.0.jar:/Users/yanbo/enviroment/apache-maven-3.6.3/repo/com/aliyun/aliyun-java-sdk-ecs/4.2.0/aliyun-java-sdk-ecs-4.2.0.jar:"/>
    <property name="sun.cpu.endian" value="little"/>
    <property name="user.home" value="/Users/yanbo"/>
    <property name="user.language" value="zh"/>
    <property name="java.specification.vendor" value="Oracle Corporation"/>
    <property name="java.home" value="/Library/Java/JavaVirtualMachines/zulu-8.jdk/Contents/Home/jre"/>
    <property name="basedir" value="/Users/yanbo/project/backend/meeting_record"/>
    <property name="file.separator" value="/"/>
    <property name="line.separator" value="&#10;"/>
    <property name="jdk.vendor.version" value="Zulu 8.58.0.13-CA-macos-aarch64"/>
    <property name="java.vm.specification.vendor" value="Oracle Corporation"/>
    <property name="java.specification.name" value="Java Platform API Specification"/>
    <property name="java.awt.graphicsenv" value="sun.awt.CGraphicsEnvironment"/>
    <property name="surefire.real.class.path" value="/Users/yanbo/project/backend/meeting_record/target/surefire/surefirebooter3257306942722768725.jar"/>
    <property name="sun.boot.class.path" value="/Library/Java/JavaVirtualMachines/zulu-8.jdk/Contents/Home/jre/lib/resources.jar:/Library/Java/JavaVirtualMachines/zulu-8.jdk/Contents/Home/jre/lib/rt.jar:/Library/Java/JavaVirtualMachines/zulu-8.jdk/Contents/Home/jre/lib/sunrsasign.jar:/Library/Java/JavaVirtualMachines/zulu-8.jdk/Contents/Home/jre/lib/jsse.jar:/Library/Java/JavaVirtualMachines/zulu-8.jdk/Contents/Home/jre/lib/jce.jar:/Library/Java/JavaVirtualMachines/zulu-8.jdk/Contents/Home/jre/lib/charsets.jar:/Library/Java/JavaVirtualMachines/zulu-8.jdk/Contents/Home/jre/lib/jfr.jar:/Library/Java/JavaVirtualMachines/zulu-8.jdk/Contents/Home/jre/classes"/>
    <property name="sun.management.compiler" value="HotSpot 64-Bit Tiered Compilers"/>
    <property name="ftp.nonProxyHosts" value="local|*.local|169.254/16|*.169.254/16"/>
    <property name="java.runtime.version" value="1.8.0_312-b07"/>
    <property name="user.name" value="yanbo"/>
    <property name="path.separator" value=":"/>
    <property name="os.version" value="12.0.1"/>
    <property name="java.endorsed.dirs" value="/Library/Java/JavaVirtualMachines/zulu-8.jdk/Contents/Home/jre/lib/endorsed"/>
    <property name="java.runtime.name" value="OpenJDK Runtime Environment"/>
    <property name="file.encoding" value="UTF-8"/>
    <property name="java.vm.name" value="OpenJDK 64-Bit Server VM"/>
    <property name="localRepository" value="/Users/yanbo/enviroment/apache-maven-3.6.3/repo"/>
    <property name="java.vendor.url.bug" value="http://www.azul.com/support/"/>
    <property name="java.io.tmpdir" value="/var/folders/df/w0v8q_092dv0kxq3r2blhc6r0000gn/T/"/>
    <property name="idea.version" value="2021.3.1"/>
    <property name="java.version" value="1.8.0_312"/>
    <property name="user.dir" value="/Users/yanbo/project/backend/meeting_record"/>
    <property name="os.arch" value="aarch64"/>
    <property name="java.vm.specification.name" value="Java Virtual Machine Specification"/>
    <property name="java.awt.printerjob" value="sun.lwawt.macosx.CPrinterJob"/>
    <property name="sun.os.patch.level" value="unknown"/>
    <property name="java.library.path" value="/Users/yanbo/Library/Java/Extensions:/Library/Java/Extensions:/Network/Library/Java/Extensions:/System/Library/Java/Extensions:/usr/lib/java:."/>
    <property name="java.vm.info" value="mixed mode"/>
    <property name="java.vendor" value="Azul Systems, Inc."/>
    <property name="java.vm.version" value="25.312-b07"/>
    <property name="java.ext.dirs" value="/Users/yanbo/Library/Java/Extensions:/Library/Java/JavaVirtualMachines/zulu-8.jdk/Contents/Home/jre/lib/ext:/Library/Java/Extensions:/Network/Library/Java/Extensions:/System/Library/Java/Extensions:/usr/lib/java"/>
    <property name="sun.io.unicode.encoding" value="UnicodeBig"/>
    <property name="maven.repo.local" value="/Users/yanbo/enviroment/apache-maven-3.6.3/repo"/>
    <property name="java.class.version" value="52.0"/>
    <property name="socksNonProxyHosts" value="local|*.local|169.254/16|*.169.254/16"/>
  </properties>
  <testcase name="test" classname="com.bobo.MainTest" time="0.184"/>
  <testcase name="test1" classname="com.bobo.MainTest" time="1.031"/>
  <testcase name="test2" classname="com.bobo.MainTest" time="0.106"/>
</testsuite>